mode: set
github.com/ahmadfarhanstwn/brimstoneesan/render/render.go:34.114,35.40 1 1
github.com/ahmadfarhanstwn/brimstoneesan/render/render.go:36.12,37.39 1 1
github.com/ahmadfarhanstwn/brimstoneesan/render/render.go:38.13,39.51 1 1
github.com/ahmadfarhanstwn/brimstoneesan/render/render.go:42.2,42.12 1 0
github.com/ahmadfarhanstwn/brimstoneesan/render/render.go:45.105,47.16 2 1
github.com/ahmadfarhanstwn/brimstoneesan/render/render.go:47.16,49.3 1 0
github.com/ahmadfarhanstwn/brimstoneesan/render/render.go:51.2,52.17 2 1
github.com/ahmadfarhanstwn/brimstoneesan/render/render.go:52.17,54.3 1 0
github.com/ahmadfarhanstwn/brimstoneesan/render/render.go:56.2,57.16 2 1
github.com/ahmadfarhanstwn/brimstoneesan/render/render.go:57.16,59.3 1 0
github.com/ahmadfarhanstwn/brimstoneesan/render/render.go:61.2,61.12 1 1
github.com/ahmadfarhanstwn/brimstoneesan/render/render.go:64.117,67.17 2 1
github.com/ahmadfarhanstwn/brimstoneesan/render/render.go:67.17,69.3 1 1
github.com/ahmadfarhanstwn/brimstoneesan/render/render.go:69.8,71.3 1 0
github.com/ahmadfarhanstwn/brimstoneesan/render/render.go:73.2,74.17 2 1
github.com/ahmadfarhanstwn/brimstoneesan/render/render.go:74.17,76.3 1 0
github.com/ahmadfarhanstwn/brimstoneesan/render/render.go:78.2,79.16 2 1
github.com/ahmadfarhanstwn/brimstoneesan/render/render.go:79.16,82.3 2 0
github.com/ahmadfarhanstwn/brimstoneesan/render/render.go:84.2,84.63 1 1
github.com/ahmadfarhanstwn/brimstoneesan/render/render.go:84.63,87.3 2 0
github.com/ahmadfarhanstwn/brimstoneesan/render/render.go:89.2,89.12 1 1
