mode: set
github.com/ahmadfarhanstwn/brimstoneesan/session/session.go:21.53,25.16 3 1
github.com/ahmadfarhanstwn/brimstoneesan/session/session.go:25.16,27.3 1 0
github.com/ahmadfarhanstwn/brimstoneesan/session/session.go:29.2,29.48 1 1
github.com/ahmadfarhanstwn/brimstoneesan/session/session.go:29.48,31.3 1 1
github.com/ahmadfarhanstwn/brimstoneesan/session/session.go:33.2,33.47 1 1
github.com/ahmadfarhanstwn/brimstoneesan/session/session.go:33.47,35.3 1 0
github.com/ahmadfarhanstwn/brimstoneesan/session/session.go:37.2,45.40 8 1
github.com/ahmadfarhanstwn/brimstoneesan/session/session.go:46.15,46.15 0 0
github.com/ahmadfarhanstwn/brimstoneesan/session/session.go:47.26,47.26 0 0
github.com/ahmadfarhanstwn/brimstoneesan/session/session.go:48.32,48.32 0 0
github.com/ahmadfarhanstwn/brimstoneesan/session/session.go:49.10,49.10 0 1
github.com/ahmadfarhanstwn/brimstoneesan/session/session.go:53.2,53.16 1 1
github.com/ahmadfarhanstwn/brimstoneesan/render/render.go:35.114,36.40 1 1
github.com/ahmadfarhanstwn/brimstoneesan/render/render.go:37.12,38.39 1 1
github.com/ahmadfarhanstwn/brimstoneesan/render/render.go:39.13,40.51 1 1
github.com/ahmadfarhanstwn/brimstoneesan/render/render.go:41.10,41.10 0 1
github.com/ahmadfarhanstwn/brimstoneesan/render/render.go:44.2,44.52 1 1
github.com/ahmadfarhanstwn/brimstoneesan/render/render.go:47.105,49.16 2 1
github.com/ahmadfarhanstwn/brimstoneesan/render/render.go:49.16,51.3 1 1
github.com/ahmadfarhanstwn/brimstoneesan/render/render.go:53.2,54.17 2 1
github.com/ahmadfarhanstwn/brimstoneesan/render/render.go:54.17,56.3 1 0
github.com/ahmadfarhanstwn/brimstoneesan/render/render.go:58.2,59.16 2 1
github.com/ahmadfarhanstwn/brimstoneesan/render/render.go:59.16,61.3 1 0
github.com/ahmadfarhanstwn/brimstoneesan/render/render.go:63.2,63.12 1 1
github.com/ahmadfarhanstwn/brimstoneesan/render/render.go:66.117,69.22 2 1
github.com/ahmadfarhanstwn/brimstoneesan/render/render.go:69.22,71.3 1 1
github.com/ahmadfarhanstwn/brimstoneesan/render/render.go:71.8,73.3 1 0
github.com/ahmadfarhanstwn/brimstoneesan/render/render.go:75.2,76.17 2 1
github.com/ahmadfarhanstwn/brimstoneesan/render/render.go:76.17,78.3 1 0
github.com/ahmadfarhanstwn/brimstoneesan/render/render.go:80.2,81.16 2 1
github.com/ahmadfarhanstwn/brimstoneesan/render/render.go:81.16,84.3 2 1
github.com/ahmadfarhanstwn/brimstoneesan/render/render.go:86.2,86.63 1 1
github.com/ahmadfarhanstwn/brimstoneesan/render/render.go:86.63,89.3 2 0
github.com/ahmadfarhanstwn/brimstoneesan/render/render.go:91.2,91.12 1 1
